============================================================
AUDIT 1: Eval set sizes
============================================================

  Institution        n  Top-1               95% CI       ±
  ───────────────────────────────────────────────────────
  W&M               67  0.537  [0.419, 0.651]  ±0.116
  VT                60  0.550  [0.425, 0.669]  ±0.122
  CCC→UCSC         181  0.409  [0.340, 0.482]  ±0.071

  Note: W&M n=67 and VT n=60 are small — ±0.06 margins mean
  a 6-point difference could be noise. Need n≥200 for reliable comparisons.

============================================================
AUDIT 2: Dept_map leakage check
============================================================

  dept_map built from: 267 train_pos rows
  Unique VCCS→W&M dept pairs in train: 60
  Test-set pairs NOT in train dept_map: 4
  Examples: [('ENG', 'AMES'), ('HLT', 'PSYC'), ('HUM', 'HIST'), ('NAS', 'PHYS')]
  → These test pairs get dept_prob=0 (correct — no leakage)

  Train/test index overlap: 0 rows
  Leakage status: CLEAN

  test_three_datasets.py: uses BGE+TF-IDF RRF only (no dept_map) → CLEAN
  test_cross_encoder.py:  uses BGE+TF-IDF RRF only (no dept_map) → CLEAN
  step6_final_eval.py:    uses dept_map from train_pos only → CLEAN

============================================================
AUDIT 3: Recall@k — retrieval ceiling
============================================================

Loading BGE model (finetuned_bge_three)...

  W&M (n=67, catalog=2568):
    k       Recall@k   CE ceiling if perfect@k
    top-1       0.403  ← CE can achieve at most 0.403 top-1 with pool=1
    top-3       0.642  ← CE can achieve at most 0.642 top-1 with pool=3
    top-5       0.701  ← CE can achieve at most 0.701 top-1 with pool=5
    top-10      0.791  ← CE can achieve at most 0.791 top-1 with pool=10
    top-20      0.836  ← CE can achieve at most 0.836 top-1 with pool=20
    top-50      0.940  ← CE can achieve at most 0.940 top-1 with pool=50

  VT (n=60, catalog=5005):
    k       Recall@k   CE ceiling if perfect@k
    top-1       0.400  ← CE can achieve at most 0.400 top-1 with pool=1
    top-3       0.650  ← CE can achieve at most 0.650 top-1 with pool=3
    top-5       0.783  ← CE can achieve at most 0.783 top-1 with pool=5
    top-10      0.850  ← CE can achieve at most 0.850 top-1 with pool=10
    top-20      0.883  ← CE can achieve at most 0.883 top-1 with pool=20
    top-50      0.983  ← CE can achieve at most 0.983 top-1 with pool=50

  CCC→UCSC (n=181, catalog=4207):
    k       Recall@k   CE ceiling if perfect@k
    top-1       0.227  ← CE can achieve at most 0.227 top-1 with pool=1
    top-3       0.481  ← CE can achieve at most 0.481 top-1 with pool=3
    top-5       0.619  ← CE can achieve at most 0.619 top-1 with pool=5
    top-10      0.779  ← CE can achieve at most 0.779 top-1 with pool=10
    top-20      0.890  ← CE can achieve at most 0.890 top-1 with pool=20
    top-50      0.972  ← CE can achieve at most 0.972 top-1 with pool=50

Done.
